Building DAG of jobs...
Using shell: /bin/bash
Provided cores: 4
Rules claiming more threads will be scaled down.
Conda environments: ignored
Job stats:
job                  count    min threads    max threads
-----------------  -------  -------------  -------------
run_python_script        1              1              1
total                    1              1              1

Select jobs to execute...

[Tue May  9 19:26:33 2023]
rule run_python_script:
    input: chr5_grenenet.vcf, optimum_ecotypes.csv, chr5.fasta
    output: selection_coef_chr5.bed, optima_files/optimas.csv, optima_files/optima_slim.txt
    jobid: 0
    reason: Missing output files: optima_files/optima_slim.txt, optima_files/optimas.csv, selection_coef_chr5.bed
    resources: tmpdir=/var/folders/c7/0sb823gx22x79fkn0_lcmmqw0000gn/T

[Tue May  9 19:26:34 2023]
Error in rule run_python_script:
    jobid: 0
    input: chr5_grenenet.vcf, optimum_ecotypes.csv, chr5.fasta
    output: selection_coef_chr5.bed, optima_files/optimas.csv, optima_files/optima_slim.txt
    conda-env: /Users/tbellagio/Documents/grenephase1/scratch_tati/simulations/snakemake/.snakemake/conda/b1ae1f036482bd3fded7c81e5941705f_
    shell:
        python pi_beta_calc.py --input chr5_grenenet.vcf optimum_ecotypes.csv chr5.fasta --output selection_coef_chr5.bed optima_files/optimas.csv optima_files/optima_slim.txt --pi 0.001 0.01 --beta 5 6
        (one of the commands exited with non-zero exit code; note that snakemake uses bash strict mode!)

Shutting down, this might take some time.
Exiting because a job execution failed. Look above for error message
Complete log: .snakemake/log/2023-05-09T192632.493711.snakemake.log
