Building DAG of jobs...
Using shell: /bin/bash
Provided cores: 4
Rules claiming more threads will be scaled down.
Conda environments: ignored
Job stats:
job                  count    min threads    max threads
-----------------  -------  -------------  -------------
run_python_script        1              1              1
total                    1              1              1

Select jobs to execute...

[Tue May  9 18:02:54 2023]
rule run_python_script:
    input: chr5_grenenet.vcf, optimum_ecotypes.csv, chr5.fasta
    output: selection_coef_chr5.bed, optima_files/optimas.csv, optima_files/optima_slim.txt
    jobid: 0
    reason: Missing output files: optima_files/optima_slim.txt, optima_files/optimas.csv, selection_coef_chr5.bed
    resources: tmpdir=/var/folders/c7/0sb823gx22x79fkn0_lcmmqw0000gn/T

Terminating processes on user request, this might take some time.
Complete log: .snakemake/log/2023-05-09T180253.006014.snakemake.log
