PLINK v1.90b6.24 64-bit (6 Jun 2021)
Options in effect:
  --bfile subp0
  --maf 0.05
  --make-bed
  --out subp0_filteredmaf

Hostname: DN0a237a5f.SUNet
Working directory: /Users/tbellagio/Documents/grenephase1/scratch_tati/simulations/ld_plink
Start time: Mon Apr 17 19:15:13 2023

Random number seed: 1681784113
16384 MB RAM detected; reserving 8192 MB for main workspace.
4972 variants loaded from .bim file.
500 people (0 males, 0 females, 500 ambiguous) loaded from .fam.
Ambiguous sex IDs written to subp0_filteredmaf.nosex .
Using 1 thread (no multithreaded calculations invoked).
Before main variant filters, 500 founders and 0 nonfounders present.
Calculating allele frequencies... done.
Total genotyping rate is exactly 1.
1892 variants removed due to minor allele threshold(s)
(--maf/--max-maf/--mac/--max-mac).
3080 variants and 500 people pass filters and QC.
Note: No phenotypes present.
--make-bed to subp0_filteredmaf.bed + subp0_filteredmaf.bim +
subp0_filteredmaf.fam ... done.

End time: Mon Apr 17 19:15:13 2023
