PLINK v1.90b6.24 64-bit (6 Jun 2021)
Options in effect:
  --bfile subp3_filteredmafandld
  --matrix
  --out subp3_filteredmafandld
  --r2

Hostname: Tatianas-MacBook-Pro-3.local
Working directory: /Users/tbellagio/Documents/grenephase1/scratch_tati/simulations/ld_plink
Start time: Tue Apr 18 07:34:15 2023

Note: --matrix flag deprecated.  Migrate to "--distance ibs flat-missing",
"--r2 square", etc.
Random number seed: 1681828455
16384 MB RAM detected; reserving 8192 MB for main workspace.
1499 variants loaded from .bim file.
500 people (0 males, 0 females, 500 ambiguous) loaded from .fam.
Ambiguous sex IDs written to subp3_filteredmafandld.nosex .
Using up to 8 threads (change this with --threads).
Before main variant filters, 500 founders and 0 nonfounders present.
Calculating allele frequencies... done.
Total genotyping rate is exactly 1.
1499 variants and 500 people pass filters and QC.
Note: No phenotypes present.
--r2 square to subp3_filteredmafandld.ld ... done.

End time: Tue Apr 18 07:34:15 2023
