PLINK v1.90b6.24 64-bit (6 Jun 2021)
Options in effect:
  --bfile subp3
  --maf 0.05
  --make-bed
  --out subp3_filteredmaf

Hostname: Tatianas-MacBook-Pro-3.local
Working directory: /Users/tbellagio/Documents/grenephase1/scratch_tati/simulations/vcf_slim
Start time: Tue Apr 18 07:21:21 2023

Random number seed: 1681827681
16384 MB RAM detected; reserving 8192 MB for main workspace.
5458 variants loaded from .bim file.
500 people (0 males, 0 females, 500 ambiguous) loaded from .fam.
Ambiguous sex IDs written to subp3_filteredmaf.nosex .
Using 1 thread (no multithreaded calculations invoked).
Before main variant filters, 500 founders and 0 nonfounders present.
Calculating allele frequencies... done.
Total genotyping rate is exactly 1.
2201 variants removed due to minor allele threshold(s)
(--maf/--max-maf/--mac/--max-mac).
3257 variants and 500 people pass filters and QC.
Note: No phenotypes present.
--make-bed to subp3_filteredmaf.bed + subp3_filteredmaf.bim +
subp3_filteredmaf.fam ... done.

End time: Tue Apr 18 07:21:21 2023
